2024-11-11 08:34:47,279 -0500 [main] INFO  (FormTest.java:35) - Start Test
2024-11-11 08:34:55,924 -0500 [main] INFO  (FormTest.java:40) - The first name was set
2024-11-11 08:34:57,598 -0500 [main] INFO  (FormTest.java:43) - The last name was set
2024-11-11 08:35:17,488 -0500 [main] INFO  (FormTest.java:73) - Start Asserts
2024-11-11 08:35:17,839 -0500 [main] INFO  (FormTest.java:89) - End Test
2024-11-11 08:43:34,397 -0500 [main] INFO  (FormTest.java:35) - Start Test
2024-11-11 08:44:49,052 -0500 [main] INFO  (FormTest.java:35) - Start Test
2024-11-11 08:45:46,724 -0500 [main] INFO  (FormTest.java:35) - Start Test
2024-11-11 08:45:59,636 -0500 [main] INFO  (FormTest.java:40) - The first name was set
2024-11-11 08:46:00,757 -0500 [main] INFO  (FormTest.java:43) - The last name was set
2024-11-11 08:46:21,061 -0500 [main] INFO  (FormTest.java:73) - Start Asserts
2024-11-11 08:46:21,473 -0500 [main] INFO  (FormTest.java:89) - End Test
2024-11-11 08:46:32,301 -0500 [main] INFO  (FormTest.java:35) - Start Test
2024-11-11 08:46:34,379 -0500 [main] INFO  (FormTest.java:40) - The first name was set
2024-11-11 08:46:35,486 -0500 [main] INFO  (FormTest.java:43) - The last name was set
2024-11-11 08:46:55,645 -0500 [main] INFO  (FormTest.java:73) - Start Asserts
2024-11-11 08:46:56,120 -0500 [main] INFO  (FormTest.java:89) - End Test
2024-11-11 08:48:53,251 -0500 [main] INFO  (FormTest.java:35) - Start Test
2024-11-11 08:49:10,010 -0500 [main] INFO  (FormTest.java:40) - The first name was set
2024-11-11 08:49:11,111 -0500 [main] INFO  (FormTest.java:43) - The last name was set
2024-11-11 08:49:31,232 -0500 [main] INFO  (FormTest.java:73) - Start Asserts
2024-11-11 08:49:31,581 -0500 [main] INFO  (FormTest.java:89) - End Test
2024-11-11 08:51:21,050 -0500 [main] INFO  (FormTest.java:35) - Start Test
2024-11-11 08:52:25,602 -0500 [main] INFO  (FormTest.java:35) - Start Test
2024-11-11 08:53:46,194 -0500 [main] INFO  (FormTest.java:35) - Start Test
2024-11-11 08:54:02,391 -0500 [main] INFO  (FormTest.java:40) - The first name was set
2024-11-11 08:54:03,469 -0500 [main] INFO  (FormTest.java:43) - The last name was set
2024-11-11 08:54:23,662 -0500 [main] INFO  (FormTest.java:73) - Start Asserts
2024-11-11 08:54:24,064 -0500 [main] INFO  (FormTest.java:89) - End Test
2024-11-11 08:54:34,044 -0500 [main] INFO  (FormTest.java:35) - Start Test
2024-11-11 08:55:21,010 -0500 [main] INFO  (FormTest.java:35) - Start Test
2024-11-11 08:55:24,703 -0500 [main] INFO  (FormTest.java:40) - The first name was set
2024-11-11 08:55:25,797 -0500 [main] INFO  (FormTest.java:43) - The last name was set
2024-11-11 08:55:46,125 -0500 [main] INFO  (FormTest.java:35) - Start Test
2024-11-11 08:55:58,860 -0500 [main] INFO  (FormTest.java:40) - The first name was set
2024-11-11 08:55:59,940 -0500 [main] INFO  (FormTest.java:43) - The last name was set
2024-11-11 08:56:20,106 -0500 [main] INFO  (FormTest.java:73) - Start Asserts
2024-11-11 08:56:20,477 -0500 [main] INFO  (FormTest.java:89) - End Test
2024-11-11 08:56:30,411 -0500 [main] INFO  (FormTest.java:35) - Start Test
2024-11-11 08:56:34,636 -0500 [main] INFO  (FormTest.java:40) - The first name was set
2024-11-11 08:56:35,762 -0500 [main] INFO  (FormTest.java:43) - The last name was set
2024-11-11 08:56:56,012 -0500 [main] INFO  (FormTest.java:73) - Start Asserts
2024-11-11 08:56:56,399 -0500 [main] INFO  (FormTest.java:89) - End Test
